
GET;/; Mon Jun 12 2023 23:30:33 GMT+0530 (India Standard Time)
GET;/favicon.ico; Mon Jun 12 2023 23:30:33 GMT+0530 (India Standard Time)
GET;/task; Mon Jun 12 2023 23:30:38 GMT+0530 (India Standard Time)
GET;/taskId=101; Mon Jun 12 2023 23:30:59 GMT+0530 (India Standard Time)
POST;/task; Mon Jun 12 2023 23:31:14 GMT+0530 (India Standard Time)
GET;/task; Mon Jun 12 2023 23:31:21 GMT+0530 (India Standard Time)
GET;/home; Mon Jun 12 2023 23:32:03 GMT+0530 (India Standard Time)
GET;/employees; Mon Jun 12 2023 23:37:23 GMT+0530 (India Standard Time)
GET;/emp; Mon Jun 12 2023 23:37:27 GMT+0530 (India Standard Time)
GET;/emp; Mon Jun 12 2023 23:37:29 GMT+0530 (India Standard Time)
GET;/emp; Mon Jun 12 2023 23:37:44 GMT+0530 (India Standard Time)
GET;/; Mon Jun 12 2023 23:51:50 GMT+0530 (India Standard Time)
POST;/; Mon Jun 12 2023 23:52:15 GMT+0530 (India Standard Time)
POST;/; Mon Jun 12 2023 23:55:15 GMT+0530 (India Standard Time)
GET;/; Mon Jun 12 2023 23:55:36 GMT+0530 (India Standard Time)
GET;/; Mon Jun 12 2023 23:56:30 GMT+0530 (India Standard Time)
GET;/task; Mon Jun 12 2023 23:56:40 GMT+0530 (India Standard Time)
GET;/taskId; Mon Jun 12 2023 23:57:13 GMT+0530 (India Standard Time)
PUT;/; Tue Jun 13 2023 00:04:37 GMT+0530 (India Standard Time)
PUT;//task/:tId?; Tue Jun 13 2023 00:05:17 GMT+0530 (India Standard Time)
PUT;//task/; Tue Jun 13 2023 00:05:25 GMT+0530 (India Standard Time)
PUT;//task; Tue Jun 13 2023 00:05:29 GMT+0530 (India Standard Time)
PUT;//task/tid=301; Tue Jun 13 2023 00:05:46 GMT+0530 (India Standard Time)
PUT;//task/tid?; Tue Jun 13 2023 00:06:00 GMT+0530 (India Standard Time)
GET;/task; Tue Jun 13 2023 19:26:17 GMT+0530 (India Standard Time)
GET;/task; Tue Jun 13 2023 19:26:24 GMT+0530 (India Standard Time)
GET;/task; Tue Jun 13 2023 19:26:27 GMT+0530 (India Standard Time)
GET;/employees; Tue Jun 13 2023 19:26:34 GMT+0530 (India Standard Time)
POST;/markcomplete/101; Sat Jun 17 2023 23:26:32 GMT+0530 (India Standard Time)
POST;/markcomplete/101; Sat Jun 17 2023 23:26:57 GMT+0530 (India Standard Time)
POST;/markcomplete/; Sat Jun 17 2023 23:27:35 GMT+0530 (India Standard Time)
POST;/markcomplete/taskId; Sat Jun 17 2023 23:28:08 GMT+0530 (India Standard Time)
POST;/markcomplete/:taskId; Sat Jun 17 2023 23:28:57 GMT+0530 (India Standard Time)
POST;/markcomplete; Sat Jun 17 2023 23:29:06 GMT+0530 (India Standard Time)
POST;/markcomplete/; Sat Jun 17 2023 23:29:13 GMT+0530 (India Standard Time)
PUT;/markcomplete/taskId; Sat Jun 17 2023 23:29:24 GMT+0530 (India Standard Time)
PUT;/markcomplete/taskId:101; Sat Jun 17 2023 23:29:31 GMT+0530 (India Standard Time)
PUT;/markcomplete/101; Sat Jun 17 2023 23:29:38 GMT+0530 (India Standard Time)
PUT;/task/markcomplete; Sat Jun 17 2023 23:30:23 GMT+0530 (India Standard Time)
POST;/task; Sat Jun 17 2023 23:35:50 GMT+0530 (India Standard Time)
PUT;/task/markcomplete; Sat Jun 17 2023 23:36:26 GMT+0530 (India Standard Time)
GET;/task; Sat Jun 17 2023 23:37:03 GMT+0530 (India Standard Time)
DELETE;/task; Sat Jun 17 2023 23:39:53 GMT+0530 (India Standard Time)
DELETE;/emp; Sat Jun 17 2023 23:40:29 GMT+0530 (India Standard Time)
DELETE;/task; Sat Jun 17 2023 23:51:07 GMT+0530 (India Standard Time)
DELETE;/task; Sat Jun 17 2023 23:51:20 GMT+0530 (India Standard Time)
DELETE;/task; Sat Jun 17 2023 23:51:27 GMT+0530 (India Standard Time)
POST;/task; Sat Jun 17 2023 23:52:34 GMT+0530 (India Standard Time)
PUT;/markcomplete/task; Sat Jun 17 2023 23:53:24 GMT+0530 (India Standard Time)
PUT;/task/markcomplete/task; Sat Jun 17 2023 23:54:13 GMT+0530 (India Standard Time)
GET;/task; Sat Jun 17 2023 23:54:28 GMT+0530 (India Standard Time)
GET;/; Sat Jun 17 2023 23:54:37 GMT+0530 (India Standard Time)
GET;/task; Sat Jun 17 2023 23:54:47 GMT+0530 (India Standard Time)
GET;/task; Sat Jun 17 2023 23:55:08 GMT+0530 (India Standard Time)
GET;/task; Sat Jun 17 2023 23:55:57 GMT+0530 (India Standard Time)
GET;/task; Sat Jun 17 2023 23:56:36 GMT+0530 (India Standard Time)