
GET;/login; Mon Jun 12 2023 11:08:09 GMT+0530 (India Standard Time)
GET;/favicon.ico; Mon Jun 12 2023 11:08:10 GMT+0530 (India Standard Time)
POST;/login; Mon Jun 12 2023 11:08:37 GMT+0530 (India Standard Time)
GET;/home; Mon Jun 12 2023 11:08:37 GMT+0530 (India Standard Time)
PUT;/emp; Mon Jun 12 2023 12:33:14 GMT+0530 (India Standard Time)
PUT;/emp?; Mon Jun 12 2023 12:33:53 GMT+0530 (India Standard Time)
GET;/emp; Mon Jun 12 2023 16:37:56 GMT+0530 (India Standard Time)
POST;/emp; Mon Jun 12 2023 16:38:12 GMT+0530 (India Standard Time)
POST;/emp; Mon Jun 12 2023 16:38:52 GMT+0530 (India Standard Time)
GET;/emp; Mon Jun 12 2023 23:38:21 GMT+0530 (India Standard Time)
GET;/; Sat Jun 17 2023 16:41:42 GMT+0530 (India Standard Time)
GET;/favicon.ico; Sat Jun 17 2023 16:41:42 GMT+0530 (India Standard Time)
GET;/; Sat Jun 17 2023 16:41:47 GMT+0530 (India Standard Time)
GET;/employees; Sat Jun 17 2023 16:41:56 GMT+0530 (India Standard Time)
GET;/emp; Sat Jun 17 2023 16:42:01 GMT+0530 (India Standard Time)
GET;/emp; Sat Jun 17 2023 16:43:15 GMT+0530 (India Standard Time)
POST;/emp; Sat Jun 17 2023 16:43:23 GMT+0530 (India Standard Time)
GET;/emp; Sat Jun 17 2023 16:43:45 GMT+0530 (India Standard Time)
POST;/emp; Sat Jun 17 2023 16:44:47 GMT+0530 (India Standard Time)
PUT;/emp; Sat Jun 17 2023 16:45:28 GMT+0530 (India Standard Time)
GET;/emp; Sat Jun 17 2023 16:51:27 GMT+0530 (India Standard Time)
POST;/emp; Sat Jun 17 2023 16:51:57 GMT+0530 (India Standard Time)
PUT;/emp; Sat Jun 17 2023 16:52:14 GMT+0530 (India Standard Time)
PUT;/emp; Sat Jun 17 2023 16:52:36 GMT+0530 (India Standard Time)
PUT;/201; Sat Jun 17 2023 16:53:04 GMT+0530 (India Standard Time)
PUT;/emp=201; Sat Jun 17 2023 16:53:13 GMT+0530 (India Standard Time)
PUT;/emp/201; Sat Jun 17 2023 16:54:35 GMT+0530 (India Standard Time)
PUT;/emp/108; Sat Jun 17 2023 16:54:49 GMT+0530 (India Standard Time)
PUT;/108; Sat Jun 17 2023 16:55:53 GMT+0530 (India Standard Time)
PUT;/emp/102; Sat Jun 17 2023 16:56:24 GMT+0530 (India Standard Time)
DELETE;/emp/102; Sat Jun 17 2023 16:57:05 GMT+0530 (India Standard Time)